2025-10-13 13:43:12,781 DEBUG    root            Loaded Command Group: ['gcloud', 'components']
2025-10-13 13:43:12,811 DEBUG    root            Loaded Command Group: ['gcloud', 'components', 'update']
2025-10-13 13:43:12,812 DEBUG    root            Running [gcloud.components.update] with arguments: [--quiet: "True", COMPONENT-IDS:8: "['gcloud', 'core', 'bq', 'gsutil', 'compute', 'preview', 'alpha', 'beta']"]
2025-10-13 13:43:12,813 INFO     ___FILE_ONLY___ Beginning update. This process may take several minutes.

2025-10-13 13:43:12,821 DEBUG    urllib3.connectionpool Starting new HTTPS connection (1): dl.google.com:443
2025-10-13 13:43:13,737 DEBUG    urllib3.connectionpool https://dl.google.com:443 "GET /dl/cloudsdk/channels/rapid/components-2.json HTTP/11" 200 233157
2025-10-13 13:43:13,749 WARNING  root            Component [compute] no longer exists.
2025-10-13 13:43:13,750 INFO     ___FILE_ONLY___ 

2025-10-13 13:43:13,750 INFO     ___FILE_ONLY___ 
Your current Google Cloud CLI version is: 542.0.0

2025-10-13 13:43:13,750 INFO     ___FILE_ONLY___ Installing components from version: 542.0.0

2025-10-13 13:43:13,750 INFO     ___FILE_ONLY___ 

2025-10-13 13:43:13,750 DEBUG    root            Chosen display Format:table[box,title="These components will be removed."](details.display_name:label=Name:align=left,version.version_string:label=Version:align=right,data.size.size(zero="",min=1048576):label=Size:align=right)
2025-10-13 13:43:13,751 DEBUG    root            Chosen display Format:table[box,title="These components will be updated."](details.display_name:label=Name:align=left,version.version_string:label=Version:align=right,data.size.size(zero="",min=1048576):label=Size:align=right)
2025-10-13 13:43:13,751 DEBUG    root            Chosen display Format:table[box,title="These components will be installed."](details.display_name:label=Name:align=left,version.version_string:label=Version:align=right,data.size.size(zero="",min=1048576):label=Size:align=right)
2025-10-13 13:43:13,766 INFO     ___FILE_ONLY___ ┌────────────────────────────────────────────────┐
2025-10-13 13:43:13,767 INFO     ___FILE_ONLY___ 

2025-10-13 13:43:13,767 INFO     ___FILE_ONLY___ │      These components will be installed.       │
2025-10-13 13:43:13,767 INFO     ___FILE_ONLY___ 

2025-10-13 13:43:13,767 INFO     ___FILE_ONLY___ ├─────────────────────────┬────────────┬─────────┤
2025-10-13 13:43:13,767 INFO     ___FILE_ONLY___ 

2025-10-13 13:43:13,767 INFO     ___FILE_ONLY___ │           Name          │  Version   │   Size  │
2025-10-13 13:43:13,767 INFO     ___FILE_ONLY___ 

2025-10-13 13:43:13,767 INFO     ___FILE_ONLY___ ├─────────────────────────┼────────────┼─────────┤
2025-10-13 13:43:13,767 INFO     ___FILE_ONLY___ 

2025-10-13 13:43:13,767 INFO     ___FILE_ONLY___ │ 
2025-10-13 13:43:13,767 INFO     ___FILE_ONLY___ gcloud Alpha Commands  
2025-10-13 13:43:13,767 INFO     ___FILE_ONLY___  
2025-10-13 13:43:13,767 INFO     ___FILE_ONLY___ │ 
2025-10-13 13:43:13,767 INFO     ___FILE_ONLY___ 2025.10.03
2025-10-13 13:43:13,767 INFO     ___FILE_ONLY___  
2025-10-13 13:43:13,767 INFO     ___FILE_ONLY___ │ 
2025-10-13 13:43:13,767 INFO     ___FILE_ONLY___ < 1 MiB
2025-10-13 13:43:13,767 INFO     ___FILE_ONLY___  
2025-10-13 13:43:13,768 INFO     ___FILE_ONLY___ │
2025-10-13 13:43:13,768 INFO     ___FILE_ONLY___ 

2025-10-13 13:43:13,768 INFO     ___FILE_ONLY___ │ 
2025-10-13 13:43:13,768 INFO     ___FILE_ONLY___ gcloud Beta Commands   
2025-10-13 13:43:13,768 INFO     ___FILE_ONLY___  
2025-10-13 13:43:13,768 INFO     ___FILE_ONLY___ │ 
2025-10-13 13:43:13,768 INFO     ___FILE_ONLY___ 2025.10.03
2025-10-13 13:43:13,768 INFO     ___FILE_ONLY___  
2025-10-13 13:43:13,768 INFO     ___FILE_ONLY___ │ 
2025-10-13 13:43:13,768 INFO     ___FILE_ONLY___ < 1 MiB
2025-10-13 13:43:13,768 INFO     ___FILE_ONLY___  
2025-10-13 13:43:13,768 INFO     ___FILE_ONLY___ │
2025-10-13 13:43:13,768 INFO     ___FILE_ONLY___ 

2025-10-13 13:43:13,768 INFO     ___FILE_ONLY___ │ 
2025-10-13 13:43:13,768 INFO     ___FILE_ONLY___ gcloud Preview Commands
2025-10-13 13:43:13,768 INFO     ___FILE_ONLY___  
2025-10-13 13:43:13,768 INFO     ___FILE_ONLY___ │ 
2025-10-13 13:43:13,768 INFO     ___FILE_ONLY___           
2025-10-13 13:43:13,768 INFO     ___FILE_ONLY___  
2025-10-13 13:43:13,768 INFO     ___FILE_ONLY___ │ 
2025-10-13 13:43:13,769 INFO     ___FILE_ONLY___ < 1 MiB
2025-10-13 13:43:13,769 INFO     ___FILE_ONLY___  
2025-10-13 13:43:13,769 INFO     ___FILE_ONLY___ │
2025-10-13 13:43:13,769 INFO     ___FILE_ONLY___ 

2025-10-13 13:43:13,769 INFO     ___FILE_ONLY___ └─────────────────────────┴────────────┴─────────┘
2025-10-13 13:43:13,769 INFO     ___FILE_ONLY___ 

2025-10-13 13:43:13,769 INFO     ___FILE_ONLY___ 

2025-10-13 13:43:13,771 DEBUG    urllib3.connectionpool Starting new HTTPS connection (1): dl.google.com:443
2025-10-13 13:43:14,670 DEBUG    urllib3.connectionpool https://dl.google.com:443 "GET /dl/cloudsdk/channels/rapid/RELEASE_NOTES HTTP/11" 200 1495872
2025-10-13 13:43:15,173 INFO     ___FILE_ONLY___ For the latest full release notes, please visit:
  https://cloud.google.com/sdk/release_notes


2025-10-13 13:43:15,174 INFO     ___FILE_ONLY___ Performing in place update...


2025-10-13 13:43:15,176 INFO     ___FILE_ONLY___ ╔════════════════════════════════════════════════════════════╗

2025-10-13 13:43:15,176 INFO     ___FILE_ONLY___ ╠═ Downloading: gcloud Alpha Commands                       ═╣

2025-10-13 13:43:15,176 INFO     ___FILE_ONLY___ ╚
2025-10-13 13:43:15,178 DEBUG    urllib3.connectionpool Starting new HTTPS connection (1): dl.google.com:443
2025-10-13 13:43:16,198 DEBUG    urllib3.connectionpool https://dl.google.com:443 "GET /dl/cloudsdk/channels/rapid/components/google-cloud-sdk-alpha-20251003162623.tar.gz HTTP/11" 200 800
2025-10-13 13:43:16,199 INFO     ___FILE_ONLY___ ════════════════════════════════════════════════════════════
2025-10-13 13:43:16,199 INFO     ___FILE_ONLY___ ╝

2025-10-13 13:43:16,200 INFO     ___FILE_ONLY___ ╔════════════════════════════════════════════════════════════╗

2025-10-13 13:43:16,201 INFO     ___FILE_ONLY___ ╠═ Downloading: gcloud Beta Commands                        ═╣

2025-10-13 13:43:16,201 INFO     ___FILE_ONLY___ ╚
2025-10-13 13:43:16,203 DEBUG    urllib3.connectionpool Starting new HTTPS connection (1): dl.google.com:443
2025-10-13 13:43:16,383 DEBUG    urllib3.connectionpool https://dl.google.com:443 "GET /dl/cloudsdk/channels/rapid/components/google-cloud-sdk-beta-20251003162623.tar.gz HTTP/11" 200 797
2025-10-13 13:43:16,384 INFO     ___FILE_ONLY___ ════════════════════════════════════════════════════════════
2025-10-13 13:43:16,384 INFO     ___FILE_ONLY___ ╝

2025-10-13 13:43:16,386 INFO     ___FILE_ONLY___ ╔════════════════════════════════════════════════════════════╗

2025-10-13 13:43:16,386 INFO     ___FILE_ONLY___ ╠═ Downloading: gcloud Preview Commands                     ═╣

2025-10-13 13:43:16,386 INFO     ___FILE_ONLY___ ╚
2025-10-13 13:43:16,388 DEBUG    urllib3.connectionpool Starting new HTTPS connection (1): dl.google.com:443
2025-10-13 13:43:17,301 DEBUG    urllib3.connectionpool https://dl.google.com:443 "GET /dl/cloudsdk/channels/rapid/components/google-cloud-sdk-preview-20241115154308.tar.gz HTTP/11" 200 823
2025-10-13 13:43:17,302 INFO     ___FILE_ONLY___ ════════════════════════════════════════════════════════════
2025-10-13 13:43:17,302 INFO     ___FILE_ONLY___ ╝

2025-10-13 13:43:17,304 INFO     ___FILE_ONLY___ ╔════════════════════════════════════════════════════════════╗

2025-10-13 13:43:17,304 INFO     ___FILE_ONLY___ ╠═ Installing: gcloud Alpha Commands                        ═╣

2025-10-13 13:43:17,304 INFO     ___FILE_ONLY___ ╚
2025-10-13 13:43:17,305 INFO     ___FILE_ONLY___ ════════════════════════════════════════════════════════════
2025-10-13 13:43:17,305 INFO     ___FILE_ONLY___ ╝

2025-10-13 13:43:17,310 INFO     ___FILE_ONLY___ ╔════════════════════════════════════════════════════════════╗

2025-10-13 13:43:17,310 INFO     ___FILE_ONLY___ ╠═ Installing: gcloud Beta Commands                         ═╣

2025-10-13 13:43:17,310 INFO     ___FILE_ONLY___ ╚
2025-10-13 13:43:17,311 INFO     ___FILE_ONLY___ ════════════════════════════════════════════════════════════
2025-10-13 13:43:17,311 INFO     ___FILE_ONLY___ ╝

2025-10-13 13:43:17,315 INFO     ___FILE_ONLY___ ╔════════════════════════════════════════════════════════════╗

2025-10-13 13:43:17,315 INFO     ___FILE_ONLY___ ╠═ Installing: gcloud Preview Commands                      ═╣

2025-10-13 13:43:17,315 INFO     ___FILE_ONLY___ ╚
2025-10-13 13:43:17,315 INFO     ___FILE_ONLY___ ════════════════════════════════════════════════════════════
2025-10-13 13:43:17,316 INFO     ___FILE_ONLY___ ╝

2025-10-13 13:43:17,320 DEBUG    root            Updating notification cache...
2025-10-13 13:43:17,321 INFO     ___FILE_ONLY___ 

2025-10-13 13:43:17,322 INFO     ___FILE_ONLY___ Performing post processing steps...
2025-10-13 13:43:17,322 DEBUG    root            Executing command: ['/tools/google-cloud-sdk/bin/gcloud', 'components', 'post-process']
2025-10-13 13:43:25,381 DEBUG    ___FILE_ONLY___ 
2025-10-13 13:43:25,382 DEBUG    ___FILE_ONLY___ 
2025-10-13 13:43:25,592 INFO     root            descriptor_list: [{'universeDomain': 'googleapis.com', 'universeShortName': '', 'authenticationDomain': 'auth.cloud.google.com', 'projectPrefix': '', 'cloudWebDomain': 'cloud.google.com', 'documentationDomain': 'cloud.google.com', 'version': '1.0.0', 'state': 'primary', 'artifactRegistryDomain': 'pkg.dev'}]
2025-10-13 13:43:25,593 INFO     ___FILE_ONLY___ 
Update done!


2025-10-13 13:43:25,595 DEBUG    root            Chosen display Format:none
2025-10-13 13:43:25,596 INFO     root            Display format: "none"
